<?xml version="1.0" encoding="UTF-8"?>
<testsuites name="eCommerce Store" tests="9" time="0.868">
  <testsuite name="Get all products" id="702e7cb6-8455-4754-a510-cd3a7540768b" timestamp="2024-12-11T05:10:40.584Z" tests="1" failures="0" errors="0" time="0.868">
    <testcase name="Status code is 201" time="0.868" classname="ECommerceStore"/>
  </testsuite>
  <testsuite name="Add random item to cart" id="6166371a-ae4b-49e6-989f-6e151dd40b8e" timestamp="2024-12-11T05:10:40.584Z" tests="3" failures="3" errors="1" time="0.000">
    <system-err><![CDATA[Iteration: 0
RequestError: Error: getaddrinfo ENOTFOUND backend
    at GetAddrInfoReqWrap.onlookup [as oncomplete] (node:dns:109:26)

---
]]></system-err>
    <testcase name="Status code is 201" time="0.000" classname="ECommerceStore">
      <failure type="AssertionFailure" message="expected PostmanResponse{ …(5) } to have property 'code'">
        <![CDATA[Failed 1 times.]]>
        <![CDATA[Collection JSON ID: 0dfa4a4e-3882-4017-9ce6-97ff44e99106.]]>
        <![CDATA[Collection name: eCommerce Store.]]>
        <![CDATA[Request name: Add random item to cart.]]>
        <![CDATA[Test description: Status code is 201.]]>
        <![CDATA[Error message: expected PostmanResponse{ …(5) } to have property 'code'.]]>
        <![CDATA[Stacktrace: AssertionError: expected PostmanResponse{ …(5) } to have property 'code'
   at Object.eval sandbox-script.js:1:2).]]>
      </failure>
    </testcase>
    <testcase name="Response is an array" time="0.000" classname="ECommerceStore">
      <failure type="AssertionFailure" message="Unexpected token u in JSON at position 0">
        <![CDATA[Failed 1 times.]]>
        <![CDATA[Collection JSON ID: 0dfa4a4e-3882-4017-9ce6-97ff44e99106.]]>
        <![CDATA[Collection name: eCommerce Store.]]>
        <![CDATA[Request name: Add random item to cart.]]>
        <![CDATA[Test description: Response is an array.]]>
        <![CDATA[Error message: Unexpected token u in JSON at position 0.]]>
        <![CDATA[Stacktrace: JSONError: Unexpected token u in JSON at position 0
   at Object.eval sandbox-script.js:2:2).]]>
      </failure>
    </testcase>
    <testcase name="Added item is in the cart" time="0.000" classname="ECommerceStore">
      <failure type="AssertionFailure" message="Unexpected token u in JSON at position 0">
        <![CDATA[Failed 1 times.]]>
        <![CDATA[Collection JSON ID: 0dfa4a4e-3882-4017-9ce6-97ff44e99106.]]>
        <![CDATA[Collection name: eCommerce Store.]]>
        <![CDATA[Request name: Add random item to cart.]]>
        <![CDATA[Test description: Added item is in the cart.]]>
        <![CDATA[Error message: Unexpected token u in JSON at position 0.]]>
        <![CDATA[Stacktrace: JSONError: Unexpected token u in JSON at position 0
   at Object.eval sandbox-script.js:3:2).]]>
      </failure>
    </testcase>
  </testsuite>
  <testsuite name="Add random item to cart again" id="0df7d117-e955-4192-ab43-f5c29366e0e4" timestamp="2024-12-11T05:10:40.584Z" tests="3" failures="3" errors="1" time="0.000">
    <system-err><![CDATA[Iteration: 0
RequestError: Error: getaddrinfo ENOTFOUND backend
    at GetAddrInfoReqWrap.onlookup [as oncomplete] (node:dns:109:26)

---
]]></system-err>
    <testcase name="Status code is 201" time="0.000" classname="ECommerceStore">
      <failure type="AssertionFailure" message="expected PostmanResponse{ …(5) } to have property 'code'">
        <![CDATA[Failed 1 times.]]>
        <![CDATA[Collection JSON ID: 0dfa4a4e-3882-4017-9ce6-97ff44e99106.]]>
        <![CDATA[Collection name: eCommerce Store.]]>
        <![CDATA[Request name: Add random item to cart again.]]>
        <![CDATA[Test description: Status code is 201.]]>
        <![CDATA[Error message: expected PostmanResponse{ …(5) } to have property 'code'.]]>
        <![CDATA[Stacktrace: AssertionError: expected PostmanResponse{ …(5) } to have property 'code'
   at Object.eval sandbox-script.js:1:3).]]>
      </failure>
    </testcase>
    <testcase name="Response is an array" time="0.000" classname="ECommerceStore">
      <failure type="AssertionFailure" message="Unexpected token u in JSON at position 0">
        <![CDATA[Failed 1 times.]]>
        <![CDATA[Collection JSON ID: 0dfa4a4e-3882-4017-9ce6-97ff44e99106.]]>
        <![CDATA[Collection name: eCommerce Store.]]>
        <![CDATA[Request name: Add random item to cart again.]]>
        <![CDATA[Test description: Response is an array.]]>
        <![CDATA[Error message: Unexpected token u in JSON at position 0.]]>
        <![CDATA[Stacktrace: JSONError: Unexpected token u in JSON at position 0
   at Object.eval sandbox-script.js:2:3).]]>
      </failure>
    </testcase>
    <testcase name="Item quantity in cart has increased by 1" time="0.000" classname="ECommerceStore">
      <failure type="AssertionFailure" message="Unexpected token u in JSON at position 0">
        <![CDATA[Failed 1 times.]]>
        <![CDATA[Collection JSON ID: 0dfa4a4e-3882-4017-9ce6-97ff44e99106.]]>
        <![CDATA[Collection name: eCommerce Store.]]>
        <![CDATA[Request name: Add random item to cart again.]]>
        <![CDATA[Test description: Item quantity in cart has increased by 1.]]>
        <![CDATA[Error message: Unexpected token u in JSON at position 0.]]>
        <![CDATA[Stacktrace: JSONError: Unexpected token u in JSON at position 0
   at Object.eval sandbox-script.js:3:3).]]>
      </failure>
    </testcase>
  </testsuite>
  <testsuite name="Get all cart items" id="e3aa63b3-c1f1-4373-9e0d-224147dcb8d4" timestamp="2024-12-11T05:10:40.584Z" tests="1" failures="1" errors="1" time="0.000">
    <system-err><![CDATA[Iteration: 0
RequestError: Error: getaddrinfo ENOTFOUND backend
    at GetAddrInfoReqWrap.onlookup [as oncomplete] (node:dns:109:26)

---
]]></system-err>
    <testcase name="Status code is 201" time="0.000" classname="ECommerceStore">
      <failure type="AssertionFailure" message="expected PostmanResponse{ …(5) } to have property 'code'">
        <![CDATA[Failed 1 times.]]>
        <![CDATA[Collection JSON ID: 0dfa4a4e-3882-4017-9ce6-97ff44e99106.]]>
        <![CDATA[Collection name: eCommerce Store.]]>
        <![CDATA[Request name: Get all cart items.]]>
        <![CDATA[Test description: Status code is 201.]]>
        <![CDATA[Error message: expected PostmanResponse{ …(5) } to have property 'code'.]]>
        <![CDATA[Stacktrace: AssertionError: expected PostmanResponse{ …(5) } to have property 'code'
   at Object.eval sandbox-script.js:1:4).]]>
      </failure>
    </testcase>
  </testsuite>
  <testsuite name="Update existing item" id="16e53389-83e2-49c5-898f-ab147248c67f" timestamp="2024-12-11T05:10:40.584Z" tests="1" failures="1" errors="1" time="0.000">
    <system-err><![CDATA[Iteration: 0
RequestError: Error: getaddrinfo ENOTFOUND backend
    at GetAddrInfoReqWrap.onlookup [as oncomplete] (node:dns:109:26)

---
]]></system-err>
    <testcase name="Item quantity updated correctly" time="0.000" classname="ECommerceStore">
      <failure type="AssertionFailure" message="expected PostmanResponse{ …(5) } to have property 'code'">
        <![CDATA[Failed 1 times.]]>
        <![CDATA[Collection JSON ID: 0dfa4a4e-3882-4017-9ce6-97ff44e99106.]]>
        <![CDATA[Collection name: eCommerce Store.]]>
        <![CDATA[Request name: Update existing item.]]>
        <![CDATA[Test description: Item quantity updated correctly.]]>
        <![CDATA[Error message: expected PostmanResponse{ …(5) } to have property 'code'.]]>
        <![CDATA[Stacktrace: AssertionError: expected PostmanResponse{ …(5) } to have property 'code'
   at Object.eval sandbox-script.js:1:5).]]>
      </failure>
    </testcase>
  </testsuite>
  <testsuite name="Update with qty less than 1" id="7306128e-5f46-4361-94a3-e6ac8e31542f" timestamp="2024-12-11T05:10:40.584Z" tests="1" failures="1" errors="1" time="0.000">
    <system-err><![CDATA[Iteration: 0
RequestError: Error: getaddrinfo ENOTFOUND backend
    at GetAddrInfoReqWrap.onlookup [as oncomplete] (node:dns:109:26)

---
]]></system-err>
    <testcase name="Invalid Data" time="0.000" classname="ECommerceStore">
      <failure type="AssertionFailure" message="expected PostmanResponse{ …(5) } to have property 'code'">
        <![CDATA[Failed 1 times.]]>
        <![CDATA[Collection JSON ID: 0dfa4a4e-3882-4017-9ce6-97ff44e99106.]]>
        <![CDATA[Collection name: eCommerce Store.]]>
        <![CDATA[Request name: Update with qty less than 1.]]>
        <![CDATA[Test description: Invalid Data.]]>
        <![CDATA[Error message: expected PostmanResponse{ …(5) } to have property 'code'.]]>
        <![CDATA[Stacktrace: AssertionError: expected PostmanResponse{ …(5) } to have property 'code'
   at Object.eval sandbox-script.js:1:6).]]>
      </failure>
    </testcase>
  </testsuite>
  <testsuite name="Delete an existing item" id="495fa508-760d-475d-8e8a-20ccb8ffbe76" timestamp="2024-12-11T05:10:40.584Z" tests="1" failures="1" errors="1" time="0.000">
    <system-err><![CDATA[Iteration: 0
RequestError: Error: getaddrinfo ENOTFOUND backend
    at GetAddrInfoReqWrap.onlookup [as oncomplete] (node:dns:109:26)

---
]]></system-err>
    <testcase name="Status code is 204" time="0.000" classname="ECommerceStore">
      <failure type="AssertionFailure" message="expected PostmanResponse{ …(5) } to have property 'code'">
        <![CDATA[Failed 1 times.]]>
        <![CDATA[Collection JSON ID: 0dfa4a4e-3882-4017-9ce6-97ff44e99106.]]>
        <![CDATA[Collection name: eCommerce Store.]]>
        <![CDATA[Request name: Delete an existing item.]]>
        <![CDATA[Test description: Status code is 204.]]>
        <![CDATA[Error message: expected PostmanResponse{ …(5) } to have property 'code'.]]>
        <![CDATA[Stacktrace: AssertionError: expected PostmanResponse{ …(5) } to have property 'code'
   at Object.eval sandbox-script.js:1:7).]]>
      </failure>
    </testcase>
  </testsuite>
  <testsuite name="Delete an item that doesn't exist" id="253aa04d-777e-47c7-a794-56da0dfdaa11" timestamp="2024-12-11T05:10:40.584Z" tests="1" failures="1" errors="1" time="0.000">
    <system-err><![CDATA[Iteration: 0
RequestError: Error: getaddrinfo ENOTFOUND backend
    at GetAddrInfoReqWrap.onlookup [as oncomplete] (node:dns:109:26)

---
]]></system-err>
    <testcase name="Status code is 404" time="0.000" classname="ECommerceStore">
      <failure type="AssertionFailure" message="expected PostmanResponse{ …(5) } to have property 'code'">
        <![CDATA[Failed 1 times.]]>
        <![CDATA[Collection JSON ID: 0dfa4a4e-3882-4017-9ce6-97ff44e99106.]]>
        <![CDATA[Collection name: eCommerce Store.]]>
        <![CDATA[Request name: Delete an item that doesn't exist.]]>
        <![CDATA[Test description: Status code is 404.]]>
        <![CDATA[Error message: expected PostmanResponse{ …(5) } to have property 'code'.]]>
        <![CDATA[Stacktrace: AssertionError: expected PostmanResponse{ …(5) } to have property 'code'
   at Object.eval sandbox-script.js:1:8).]]>
      </failure>
    </testcase>
  </testsuite>
  <testsuite name="Clear cart" id="3cffde9a-f6c0-4be6-a856-a7b4d528c2ea" timestamp="2024-12-11T05:10:40.584Z" tests="1" failures="1" errors="1" time="0.000">
    <system-err><![CDATA[Iteration: 0
RequestError: Error: getaddrinfo ENOTFOUND backend
    at GetAddrInfoReqWrap.onlookup [as oncomplete] (node:dns:109:26)

---
]]></system-err>
    <testcase name="Status code is 204" time="0.000" classname="ECommerceStore">
      <failure type="AssertionFailure" message="expected PostmanResponse{ …(5) } to have property 'code'">
        <![CDATA[Failed 1 times.]]>
        <![CDATA[Collection JSON ID: 0dfa4a4e-3882-4017-9ce6-97ff44e99106.]]>
        <![CDATA[Collection name: eCommerce Store.]]>
        <![CDATA[Request name: Clear cart.]]>
        <![CDATA[Test description: Status code is 204.]]>
        <![CDATA[Error message: expected PostmanResponse{ …(5) } to have property 'code'.]]>
        <![CDATA[Stacktrace: AssertionError: expected PostmanResponse{ …(5) } to have property 'code'
   at Object.eval sandbox-script.js:1:9).]]>
      </failure>
    </testcase>
  </testsuite>
</testsuites>